<?xml version="1.0" encoding="UTF-8"?>
<!-- Generated by org.testng.reporters.JUnitReportReporter -->
<testsuite skipped="0" hostname="DESKTOP-LE78F7L" name="testscripts.regression.ValidateLoginUsingDataProvider" tests="4" failures="0" timestamp="2020-12-04T09:31:20 IST" time="40.187" errors="0">
  <testcase name="mouseHoverTest" time="10.114" classname="testscripts.regression.ValidateLoginUsingDataProvider"/>
  <system-out/>
  <testcase name="mouseHoverTest" time="9.252" classname="testscripts.regression.ValidateLoginUsingDataProvider"/>
  <system-out/>
  <testcase name="mouseHoverTest" time="10.107" classname="testscripts.regression.ValidateLoginUsingDataProvider"/>
  <system-out/>
  <testcase name="mouseHoverTest" time="10.714" classname="testscripts.regression.ValidateLoginUsingDataProvider"/>
  <system-out/>
</testsuite> <!-- testscripts.regression.ValidateLoginUsingDataProvider -->
