<?xml version="1.0" encoding="UTF-8"?>
<!-- Generated by org.testng.reporters.JUnitReportReporter -->
<testsuite skipped="0" hostname="DESKTOP-LE78F7L" name="testscripts.regression.ValidateLoginPOM" tests="4" failures="0" timestamp="2020-12-19T09:36:26 IST" time="41.221" errors="0">
  <testcase name="validateLoginPOMTest" time="10.531" classname="testscripts.regression.ValidateLoginPOM"/>
  <system-out/>
  <testcase name="validateLoginPOMTest" time="12.426" classname="testscripts.regression.ValidateLoginPOM"/>
  <system-out/>
  <testcase name="validateLoginPOMTest" time="9.133" classname="testscripts.regression.ValidateLoginPOM"/>
  <system-out/>
  <testcase name="validateLoginPOMTest" time="9.131" classname="testscripts.regression.ValidateLoginPOM"/>
  <system-out/>
</testsuite> <!-- testscripts.regression.ValidateLoginPOM -->
