<?xml version="1.0" encoding="UTF-8"?>
<!-- Generated by org.testng.reporters.JUnitReportReporter -->
<testsuite skipped="0" hostname="DESKTOP-LE78F7L" name="testscripts.regression.ValidateLoginUsingKeywords" tests="1" failures="0" timestamp="2020-12-07T09:15:26 IST" time="12.586" errors="0">
  <testcase name="validateLoginTest" time="12.586" classname="testscripts.regression.ValidateLoginUsingKeywords"/>
  <system-out/>
</testsuite> <!-- testscripts.regression.ValidateLoginUsingKeywords -->
