<?xml version="1.0" encoding="UTF-8"?>
<!-- Generated by org.testng.reporters.JUnitReportReporter -->
<testsuite skipped="0" hostname="DESKTOP-LE78F7L" name="testscripts.regression.ValidateRegistrationPOM" tests="1" failures="0" timestamp="2020-12-08T09:40:43 IST" time="10.260" errors="0">
  <testcase name="validateLoginPOMTest" time="10.260" classname="testscripts.regression.ValidateRegistrationPOM"/>
  <system-out/>
</testsuite> <!-- testscripts.regression.ValidateRegistrationPOM -->
