<?xml version="1.0" encoding="UTF-8"?>
<!-- Generated by org.testng.reporters.JUnitReportReporter -->
<testsuite skipped="0" hostname="DESKTOP-LE78F7L" name="testscripts.regression.ValidateLoginUsingProperties" tests="1" failures="0" timestamp="2020-12-05T09:38:24 IST" time="20.993" errors="0">
  <testcase name="validateLoginTest" time="20.993" classname="testscripts.regression.ValidateLoginUsingProperties"/>
  <system-out/>
</testsuite> <!-- testscripts.regression.ValidateLoginUsingProperties -->
