<?xml version="1.0" encoding="UTF-8"?>
<!-- Generated by org.testng.reporters.JUnitReportReporter -->
<testsuite skipped="0" hostname="DESKTOP-LE78F7L" name="testscripts.regression.ValidateLogin" tests="1" failures="0" timestamp="2020-12-04T09:10:13 IST" time="23.760" errors="0">
  <testcase name="mouseHoverTest" time="23.760" classname="testscripts.regression.ValidateLogin"/>
  <system-out/>
</testsuite> <!-- testscripts.regression.ValidateLogin -->
