<?xml version="1.0" encoding="UTF-8"?>
<!-- Generated by org.testng.reporters.JUnitReportReporter -->
<testsuite skipped="0" hostname="DESKTOP-LE78F7L" name="testscripts.regression.ValidateLoginUsingDataProviderExcel2" tests="4" failures="0" timestamp="2020-12-05T09:10:55 IST" time="41.133" errors="0">
  <testcase name="mouseHoverTest" time="9.778" classname="testscripts.regression.ValidateLoginUsingDataProviderExcel2"/>
  <system-out/>
  <testcase name="mouseHoverTest" time="9.462" classname="testscripts.regression.ValidateLoginUsingDataProviderExcel2"/>
  <system-out/>
  <testcase name="mouseHoverTest" time="12.116" classname="testscripts.regression.ValidateLoginUsingDataProviderExcel2"/>
  <system-out/>
  <testcase name="mouseHoverTest" time="9.777" classname="testscripts.regression.ValidateLoginUsingDataProviderExcel2"/>
  <system-out/>
</testsuite> <!-- testscripts.regression.ValidateLoginUsingDataProviderExcel2 -->
