<?xml version="1.0" encoding="UTF-8"?>
<!-- Generated by org.testng.reporters.JUnitReportReporter -->
<testsuite skipped="0" hostname="DESKTOP-LE78F7L" name="testscripts.regression.ValidateLoginUsingDataProviderExcel" tests="4" failures="0" timestamp="2020-12-04T09:47:52 IST" time="39.925" errors="0">
  <testcase name="mouseHoverTest" time="10.502" classname="testscripts.regression.ValidateLoginUsingDataProviderExcel"/>
  <system-out/>
  <testcase name="mouseHoverTest" time="9.642" classname="testscripts.regression.ValidateLoginUsingDataProviderExcel"/>
  <system-out/>
  <testcase name="mouseHoverTest" time="8.997" classname="testscripts.regression.ValidateLoginUsingDataProviderExcel"/>
  <system-out/>
  <testcase name="mouseHoverTest" time="10.784" classname="testscripts.regression.ValidateLoginUsingDataProviderExcel"/>
  <system-out/>
</testsuite> <!-- testscripts.regression.ValidateLoginUsingDataProviderExcel -->
